2017-03-24 16:16:33 [scrapy] INFO: Scrapy 1.1.2 started (bot: clinical)
2017-03-24 16:16:33 [scrapy] INFO: Overridden settings: {'NEWSPIDER_MODULE': 'clinical.spiders', 'SPIDER_MODULES': ['clinical.spiders'], 'ROBOTSTXT_OBEY': True, 'BOT_NAME': 'clinical'}
2017-03-24 16:16:33 [scrapy] INFO: Enabled extensions:
['scrapy.extensions.logstats.LogStats',
 'scrapy.extensions.corestats.CoreStats']
2017-03-24 16:16:33 [scrapy] INFO: Enabled downloader middlewares:
['scrapy.downloadermiddlewares.robotstxt.RobotsTxtMiddleware',
 'scrapy.downloadermiddlewares.httpauth.HttpAuthMiddleware',
 'scrapy.downloadermiddlewares.downloadtimeout.DownloadTimeoutMiddleware',
 'scrapy.downloadermiddlewares.useragent.UserAgentMiddleware',
 'scrapy.downloadermiddlewares.retry.RetryMiddleware',
 'scrapy.downloadermiddlewares.defaultheaders.DefaultHeadersMiddleware',
 'scrapy.downloadermiddlewares.redirect.MetaRefreshMiddleware',
 'scrapy.downloadermiddlewares.httpcompression.HttpCompressionMiddleware',
 'scrapy.downloadermiddlewares.redirect.RedirectMiddleware',
 'scrapy.downloadermiddlewares.cookies.CookiesMiddleware',
 'scrapy.downloadermiddlewares.chunked.ChunkedTransferMiddleware',
 'scrapy.downloadermiddlewares.stats.DownloaderStats']
2017-03-24 16:16:33 [scrapy] INFO: Enabled spider middlewares:
['scrapy.spidermiddlewares.httperror.HttpErrorMiddleware',
 'scrapy.spidermiddlewares.offsite.OffsiteMiddleware',
 'scrapy.spidermiddlewares.referer.RefererMiddleware',
 'scrapy.spidermiddlewares.urllength.UrlLengthMiddleware',
 'scrapy.spidermiddlewares.depth.DepthMiddleware']
2017-03-24 16:16:33 [scrapy] INFO: Enabled item pipelines:
[]
2017-03-24 16:16:33 [scrapy] INFO: Spider opened
2017-03-24 16:16:33 [scrapy] INFO: Crawled 0 pages (at 0 pages/min), scraped 0 items (at 0 items/min)
2017-03-24 16:16:51 [scrapy] DEBUG: Crawled (200) <GET https://clinicaltrials.gov/robots.txt> (referer: None)
2017-03-24 16:16:56 [scrapy] DEBUG: Crawled (200) <GET https://clinicaltrials.gov/ct2/home> (referer: None)
2017-03-24 16:16:59 [scrapy] DEBUG: Crawled (200) <GET https://clinicaltrials.gov/ct2/results?Search=Search&term=EML4> (referer: https://clinicaltrials.gov/ct2/home)
2017-03-24 16:17:01 [scrapy] DEBUG: Crawled (200) <GET https://clinicaltrials.gov/ct2/show/NCT01662635?term=EML4&rank=2> (referer: https://clinicaltrials.gov/ct2/results?Search=Search&term=EML4)
2017-03-24 16:17:02 [scrapy] DEBUG: Crawled (200) <GET https://clinicaltrials.gov/ct2/show/NCT03083041?term=EML4&rank=9> (referer: https://clinicaltrials.gov/ct2/results?Search=Search&term=EML4)
2017-03-24 16:17:04 [scrapy] DEBUG: Crawled (200) <GET https://clinicaltrials.gov/ct2/show/NCT02502240?term=EML4&rank=7> (referer: https://clinicaltrials.gov/ct2/results?Search=Search&term=EML4)
2017-03-24 16:17:05 [scrapy] DEBUG: Crawled (200) <GET https://clinicaltrials.gov/ct2/show/NCT01257308?term=EML4&rank=1> (referer: https://clinicaltrials.gov/ct2/results?Search=Search&term=EML4)
2017-03-24 16:17:05 [scrapy] DEBUG: Crawled (200) <GET https://clinicaltrials.gov/ct2/show/NCT01300429?term=EML4&rank=8> (referer: https://clinicaltrials.gov/ct2/results?Search=Search&term=EML4)
2017-03-24 16:17:07 [scrapy] DEBUG: Crawled (200) <GET https://clinicaltrials.gov/ct2/show/NCT01994057?term=EML4&rank=5> (referer: https://clinicaltrials.gov/ct2/results?Search=Search&term=EML4)
2017-03-24 16:17:07 [scrapy] DEBUG: Crawled (200) <GET https://clinicaltrials.gov/ct2/show/NCT01100840?term=EML4&rank=6> (referer: https://clinicaltrials.gov/ct2/results?Search=Search&term=EML4)
2017-03-24 16:17:09 [scrapy] DEBUG: Crawled (200) <GET https://clinicaltrials.gov/ct2/show/NCT02304406?term=EML4&rank=4> (referer: https://clinicaltrials.gov/ct2/results?Search=Search&term=EML4)
2017-03-24 16:17:11 [scrapy] DEBUG: Crawled (200) <GET https://clinicaltrials.gov/ct2/show/NCT01124864?term=EML4&rank=3> (referer: https://clinicaltrials.gov/ct2/results?Search=Search&term=EML4)
2017-03-24 16:17:12 [scrapy] DEBUG: Crawled (200) <GET https://clinicaltrials.gov/ct2/show/NCT02292550?term=EML4&rank=13> (referer: https://clinicaltrials.gov/ct2/results?Search=Search&term=EML4)
2017-03-24 16:17:16 [scrapy] DEBUG: Crawled (200) <GET https://clinicaltrials.gov/ct2/show/NCT02228421?term=EML4&rank=10> (referer: https://clinicaltrials.gov/ct2/results?Search=Search&term=EML4)
2017-03-24 16:17:22 [scrapy] DEBUG: Crawled (200) <GET https://clinicaltrials.gov/ct2/show/NCT01574300?term=EML4&rank=11> (referer: https://clinicaltrials.gov/ct2/results?Search=Search&term=EML4)
2017-03-24 16:17:24 [scrapy] DEBUG: Crawled (200) <GET https://clinicaltrials.gov/ct2/show/NCT01700582?term=EML4&rank=12> (referer: https://clinicaltrials.gov/ct2/results?Search=Search&term=EML4)
2017-03-24 16:17:24 [scrapy] INFO: Closing spider (finished)
2017-03-24 16:17:24 [scrapy] INFO: Dumping Scrapy stats:
{'downloader/request_bytes': 6655,
 'downloader/request_count': 16,
 'downloader/request_method_count/GET': 16,
 'downloader/response_bytes': 143781,
 'downloader/response_count': 16,
 'downloader/response_status_count/200': 16,
 'finish_reason': 'finished',
 'finish_time': datetime.datetime(2017, 3, 24, 8, 17, 24, 569403),
 'log_count/DEBUG': 16,
 'log_count/INFO': 7,
 'request_depth_max': 2,
 'response_received_count': 16,
 'scheduler/dequeued': 15,
 'scheduler/dequeued/memory': 15,
 'scheduler/enqueued': 15,
 'scheduler/enqueued/memory': 15,
 'start_time': datetime.datetime(2017, 3, 24, 8, 16, 33, 956360)}
2017-03-24 16:17:24 [scrapy] INFO: Spider closed (finished)
